This is pdfTeXk, Version 3.141592-1.40.3 (Web2C 7.5.6) (format=latex 2007.11.6)  24 JAN 2008 13:06
entering extended mode
 %&-line parsing enabled.
**NormeDiProgetto_0_3.tex
(./NormeDiProgetto_0_3.tex
LaTeX2e <2005/12/01>
Babel <v3.8h> and hyphenation patterns for english, usenglishmax, dumylang, noh
yphenation, loaded.
(/usr/share/texmf-texlive/tex/latex/base/report.cls
Document Class: report 2005/09/16 v1.4f Standard LaTeX document class
(/usr/share/texmf-texlive/tex/latex/base/size11.clo
File: size11.clo 2005/09/16 v1.4f Standard LaTeX file (size option)
)
\c@part=\count79
\c@chapter=\count80
\c@section=\count81
\c@subsection=\count82
\c@subsubsection=\count83
\c@paragraph=\count84
\c@subparagraph=\count85
\c@figure=\count86
\c@table=\count87
\abovecaptionskip=\skip41
\belowcaptionskip=\skip42
\bibindent=\dimen102
)
(/usr/share/texmf-texlive/tex/generic/babel/babel.sty
Package: babel 2005/11/23 v3.8h The Babel package

(/usr/share/texmf-texlive/tex/generic/babel/italian.ldf
Language: italian 2005/11/17 v1.2r Italian support from the babel system

(/usr/share/texmf-texlive/tex/generic/babel/babel.def
File: babel.def 2005/11/23 v3.8h Babel common definitions
\babel@savecnt=\count88
\U@D=\dimen103
)

Package babel Warning: No hyphenation patterns were loaded for
(babel)                the language `Italian'
(babel)                I will use the patterns loaded for \language=0 instead.

\l@italian = a dialect from \language0
Package babel Info: Making " an active character on input line 91.
)) (/usr/share/texmf-texlive/tex/latex/fancyhdr/fancyhdr.sty
\fancy@headwidth=\skip43
\f@ncyO@elh=\skip44
\f@ncyO@erh=\skip45
\f@ncyO@olh=\skip46
\f@ncyO@orh=\skip47
\f@ncyO@elf=\skip48
\f@ncyO@erf=\skip49
\f@ncyO@olf=\skip50
\f@ncyO@orf=\skip51
)
(/usr/share/texmf-texlive/tex/latex/graphics/graphicx.sty
Package: graphicx 1999/02/16 v1.0f Enhanced LaTeX Graphics (DPC,SPQR)

(/usr/share/texmf-texlive/tex/latex/graphics/keyval.sty
Package: keyval 1999/03/16 v1.13 key=value parser (DPC)
\KV@toks@=\toks14
)
(/usr/share/texmf-texlive/tex/latex/graphics/graphics.sty
Package: graphics 2006/02/20 v1.0o Standard LaTeX Graphics (DPC,SPQR)

(/usr/share/texmf-texlive/tex/latex/graphics/trig.sty
Package: trig 1999/03/16 v1.09 sin cos tan (DPC)
)
(/etc/texmf/tex/latex/config/graphics.cfg
File: graphics.cfg 2007/01/18 v1.5 graphics configuration of teTeX/TeXLive
)
Package graphics Info: Driver file: dvips.def on input line 90.

(/usr/share/texmf-texlive/tex/latex/graphics/dvips.def
File: dvips.def 1999/02/16 v3.0i Driver-dependant file (DPC,SPQR)
))
\Gin@req@height=\dimen104
\Gin@req@width=\dimen105
)
No file NormeDiProgetto_0_3.aux.
\openout1 = `NormeDiProgetto_0_3.aux'.

LaTeX Font Info:    Checking defaults for OML/cmm/m/it on input line 38.
LaTeX Font Info:    ... okay on input line 38.
LaTeX Font Info:    Checking defaults for T1/cmr/m/n on input line 38.
LaTeX Font Info:    ... okay on input line 38.
LaTeX Font Info:    Checking defaults for OT1/cmr/m/n on input line 38.
LaTeX Font Info:    ... okay on input line 38.
LaTeX Font Info:    Checking defaults for OMS/cmsy/m/n on input line 38.
LaTeX Font Info:    ... okay on input line 38.
LaTeX Font Info:    Checking defaults for OMX/cmex/m/n on input line 38.
LaTeX Font Info:    ... okay on input line 38.
LaTeX Font Info:    Checking defaults for U/cmr/m/n on input line 38.
LaTeX Font Info:    ... okay on input line 38.
LaTeX Font Info:    Checking defaults for LGR/cmr/m/n on input line 38.
LaTeX Font Info:    Try loading font information for LGR+cmr on input line 38.
(/usr/share/texmf-texlive/tex/generic/babel/lgrcmr.fd
File: lgrcmr.fd 2001/01/30 v2.2e Greek Computer Modern
)
LaTeX Font Info:    ... okay on input line 38.
File: ./pics/logo.eps Graphic file (type eps)
 <./pics/logo.eps>
[1

]
LaTeX Font Info:    External font `cmex10' loaded for size
(Font)              <12> on input line 70.
LaTeX Font Info:    External font `cmex10' loaded for size
(Font)              <8> on input line 70.
LaTeX Font Info:    External font `cmex10' loaded for size
(Font)              <6> on input line 70.

Overfull \hbox (23.43306pt too wide) in paragraph at lines 70--89
[][]
 []


Underfull \hbox (badness 10000) in paragraph at lines 70--89

 []


Overfull \hbox (23.43306pt too wide) in paragraph at lines 93--102
[][]
 []


Underfull \hbox (badness 10000) in paragraph at lines 93--102

 []


Underfull \hbox (badness 2318) in paragraph at lines 112--113
\OT1/cmr/m/n/12 e al-l'u-so del-lo spazio web in
 []


Overfull \hbox (23.20668pt too wide) in paragraph at lines 106--122
[][] 
 []

File: ./pics/logo.eps Graphic file (type eps)
<./pics/logo.eps>

Package Fancyhdr Warning: \headheight is too small (12.0pt): 
 Make it at least 54.08003pt.
 We now make it that large for the rest of the document.
 This may cause the page layout to be inconsistent, however.

[1]
No file NormeDiProgetto_0_3.toc.
\tf@toc=\write3
\openout3 = `NormeDiProgetto_0_3.toc'.

File: ./pics/logo.eps Graphic file (type eps)
<./pics/logo.eps> [2

]
Capitolo 1.
File: ./pics/logo.eps Graphic file (type eps)
<./pics/logo.eps> [3

]
Capitolo 2.
LaTeX Font Info:    External font `cmex10' loaded for size
(Font)              <10.95> on input line 150.
LaTeX Font Info:    Try loading font information for OMS+cmr on input line 155.

(/usr/share/texmf-texlive/tex/latex/base/omscmr.fd
File: omscmr.fd 1999/05/25 v2.5h Standard LaTeX font definitions
)
LaTeX Font Info:    Font shape `OMS/cmr/m/n' in size <10.95> not available
(Font)              Font shape `OMS/cmsy/m/n' tried instead on input line 155.

Overfull \hbox (11.11421pt too wide) in paragraph at lines 164--169
\OT1/cmr/m/n/10.95 All'interno di quest'ul-time si avran-no, per og-nuna,altre 
sot-to-cartelle riguardan-
 []

File: ./pics/logo.eps Graphic file (type eps)
<./pics/logo.eps> [4

] [5]
Capitolo 3.

Underfull \hbox (badness 10000) in paragraph at lines 181--183

 []


Underfull \hbox (badness 10000) in paragraph at lines 191--194

 []


Underfull \hbox (badness 10000) in paragraph at lines 195--198

 []


Overfull \hbox (33.31837pt too wide) in paragraph at lines 199--201
[]\OT1/cmr/m/n/10.95 - La ver-sione, nu-mero in-tero che parte da 0, verr^^Ra a
g-gior-na-ta,incrementandola,
 []

File: ./pics/logo.eps Graphic file (type eps)
<./pics/logo.eps> [6

]
Overfull \hbox (0.55965pt too wide) in paragraph at lines 216--217
[]\OT1/cmr/m/n/10.95 Una pri-ma pag-i-na con il lo-go del-l'azien-da,titolo del
 doc-u-men-to,versione
 []

[7] [8] (./NormeDiProgetto_0_3.aux) ) 
Here is how much of TeX's memory you used:
 1106 strings out of 95087
 13704 string characters out of 1183278
 66428 words of memory out of 1500000
 4309 multiletter control sequences out of 10000+50000
 10971 words of font info for 38 fonts, out of 1200000 for 2000
 28 hyphenation exceptions out of 8191
 27i,15n,43p,255b,451s stack positions out of 5000i,500n,6000p,200000b,5000s

Output written on NormeDiProgetto_0_3.dvi (9 pages, 13392 bytes).
